<?xml version="1.0" encoding="UTF-8"?>
<!-- Generated by org.testng.reporters.JUnitXMLReporter -->
<testsuite hostname="DESKTOP-SFCUNEP" name="anyname1" tests="6" failures="0" timestamp="30 Mar 2020 11:41:27 GMT" time="87.675" errors="0">
  <testcase name="test1" time="0.019" classname="Testing.Test1"/>
  <testcase name="testing" time="2.77" classname="Testing.Test2"/>
  <testcase name="Homepagetest" time="2.922" classname="Testing.TestCase3"/>
  <testcase name="imageValidation" time="0.976" classname="Testing.TestCase4"/>
  <testcase name="test3" time="0.004" classname="Testing.Test1"/>
  <testcase name="test2" time="0.005" classname="Testing.Test1"/>
</testsuite> <!-- anyname1 -->
